<?xml version="1.0" encoding="UTF-8"?>
<!-- Generated by org.testng.reporters.JUnitReportReporter -->
<testsuite hostname="DESKTOP-0GLA50J" failures="0" tests="5" name="testcase.LoginTestCase" time="64.993" errors="0" timestamp="2022-11-28T15:54:56 COT" skipped="0">
  <testcase classname="testcase.LoginTestCase" name="LoginCheck" time="12.967"/>
  <system-out/>
  <testcase classname="testcase.LoginTestCase" name="LoginCheck" time="14.006"/>
  <system-out/>
  <testcase classname="testcase.LoginTestCase" name="LoginCheck" time="12.713"/>
  <system-out/>
  <testcase classname="testcase.LoginTestCase" name="LoginCheck" time="12.597"/>
  <system-out/>
  <testcase classname="testcase.LoginTestCase" name="LoginCheck" time="12.710"/>
  <system-out/>
</testsuite> <!-- testcase.LoginTestCase -->
