<?xml version="1.0" encoding="UTF-8"?>
<!-- Generated by org.testng.reporters.JUnitReportReporter -->
<testsuite hostname="DESKTOP-0GLA50J" failures="0" tests="1" name="firstMavenProject.ReadExcel" time="4.186" errors="0" timestamp="2022-11-22T15:47:43 COT" skipped="0">
  <testcase classname="firstMavenProject.ReadExcel" name="readDataFromExcel" time="4.186"/>
  <system-out/>
</testsuite> <!-- firstMavenProject.ReadExcel -->
