<?xml version="1.0" encoding="UTF-8"?>
<!-- Generated by org.testng.reporters.JUnitReportReporter -->
<testsuite hostname="DESKTOP-0GLA50J" failures="0" tests="1" name="testcase.CreateNewAccount" time="10.715" errors="0" timestamp="2022-11-30T16:16:02 COT" skipped="0">
  <testcase classname="testcase.CreateNewAccount" name="CreateNewButton" time="10.715"/>
  <system-out/>
</testsuite> <!-- testcase.CreateNewAccount -->
